Processing file: ../tests/P1_TC5.txt
Warning: Invalid data at line 5: 'ABA' - Skipping
Warning: Invalid data at line 155: '23,45' - Skipping
Warning: Invalid data at line 232: '11;54' - Skipping
Warning: Invalid data at line 239: 'll' - Skipping

==================================================
DESCRIPTIVE STATISTICS REPORT
==================================================
Count: 307
Mean: 241.50
Median: 241.00
Mode: 393.0
Population Std Dev: 145.464847860566465
Population Variance: 21229.172361669967358
==================================================
Elapsed Time: 0.000584 seconds
==================================================

Results saved to StatisticsResults.txt

Program completed successfully!
Exit code: 0
