Processing file: ../tests/P3_TC3.txt

============================================================
WORD FREQUENCY REPORT
============================================================
Word                          Frequency      
------------------------------------------------------------
acquisition                   1              
advances                      1              
affects                       1              
aids                          1              
allergy                       1              
ambient                       1              
an                            1              
analyzed                      1              
antiques                      1              
apple                         1              
archive                       1              
archived                      1              
argued                        1              
aruba                         1              
aside                         1              
assembled                     1              
aw                            1              
ban                           1              
bangbus                       1              
basin                         1              
... and 467 more
============================================================
Total words: 500
Distinct words: 487
Elapsed Time: 0.009245 seconds
============================================================

Results saved to WordCountResults.txt

Program completed successfully!
Exit code: 0
