Processing file: ../tests/P3_TC3_Results.txt

============================================================
WORD FREQUENCY REPORT
============================================================
Word                          Frequency      
------------------------------------------------------------
1                             475            
2                             11             
3                             1              
500                           1              
acquisition                   1              
advances                      1              
affects                       1              
aids                          1              
allergy                       1              
ambient                       1              
an                            1              
analyzed                      1              
antiques                      1              
apple                         1              
archive                       1              
archived                      1              
argued                        1              
aruba                         1              
aside                         1              
assembled                     1              
... and 473 more
============================================================
Total words: 977
Distinct words: 493
Elapsed Time: 0.008554 seconds
============================================================

Results saved to WordCountResults.txt

Program completed successfully!
Exit code: 0
