Processing file: ../tests/P3_TC1_Results.txt

============================================================
WORD FREQUENCY REPORT
============================================================
Word                          Frequency      
------------------------------------------------------------
(blank)                       1              
1                             98             
100                           1              
2                             1              
achievement                   1              
adequate                      1              
adventures                    1              
anal                          1              
andrews                       1              
assessed                      1              
bedding                       1              
blues                         1              
buying                        1              
cartridge                     1              
cgi                           1              
championship                  1              
clear                         1              
club                          1              
coastal                       1              
collect                       1              
... and 90 more
============================================================
Total words: 207
Distinct words: 110
Elapsed Time: 0.000765 seconds
============================================================

Results saved to WordCountResults.txt

Program completed successfully!
Exit code: 0
