Processing file: ../tests/P3_TC1.txt

============================================================
WORD FREQUENCY REPORT
============================================================
Word                          Frequency      
------------------------------------------------------------
achievement                   1              
adequate                      1              
adventures                    1              
anal                          1              
andrews                       1              
assessed                      1              
bedding                       1              
blues                         1              
buying                        1              
cartridge                     1              
cgi                           1              
championship                  1              
clear                         1              
club                          1              
coastal                       1              
collect                       1              
comm                          1              
confirm                       1              
conservative                  2              
consistent                    1              
... and 79 more
============================================================
Total words: 100
Distinct words: 99
Elapsed Time: 0.000677 seconds
============================================================

Results saved to WordCountResults.txt

Program completed successfully!
Exit code: 0
