Processing file: ../tests/P3_TC2.txt

============================================================
WORD FREQUENCY REPORT
============================================================
Word                          Frequency      
------------------------------------------------------------
advantages                    1              
afternoon                     1              
algebra                       1              
amongst                       4              
amounts                       1              
anchor                        1              
answering                     1              
apache                        1              
atomic                        1              
attending                     1              
automation                    1              
bases                         1              
biz                           1              
blowjob                       1              
boots                         1              
brass                         4              
builders                      1              
cannon                        1              
catalog                       1              
chain                         4              
... and 124 more
============================================================
Total words: 184
Distinct words: 144
Elapsed Time: 0.001050 seconds
============================================================

Results saved to WordCountResults.txt

Program completed successfully!
Exit code: 0
