Processing file: ../tests/P3_TC4.txt

============================================================
WORD FREQUENCY REPORT
============================================================
Word                          Frequency      
------------------------------------------------------------
adjustable                    1              
admin                         1              
adolescent                    1              
albuquerque                   1              
alternatives                  1              
amazon                        1              
analyst                       1              
annual                        2              
appreciate                    1              
approve                       1              
ar                            1              
arabia                        1              
architects                    1              
arthritis                     1              
asian                         1              
assessed                      1              
assigned                      1              
ata                           1              
ate                           1              
attention                     1              
... and 929 more
============================================================
Total words: 1000
Distinct words: 949
Elapsed Time: 0.038071 seconds
============================================================

Results saved to WordCountResults.txt

Program completed successfully!
Exit code: 0
