Processing file: ../tests/P3_TC5_Results.txt

============================================================
WORD FREQUENCY REPORT
============================================================
Word                          Frequency      
------------------------------------------------------------
1                             2748           
2                             791            
3                             179            
4                             27             
5                             5              
5000                          1              
acquired                      1              
adjust                        1              
advantage                     1              
affairs                       1              
afterwards                    1              
agenda                        1              
aim                           1              
albums                        1              
allowed                       1              
americans                     1              
amsterdam                     1              
andy                          1              
anthropology                  1              
antique                       1              
... and 3737 more
============================================================
Total words: 7503
Distinct words: 3757
Elapsed Time: 0.638217 seconds
============================================================

Results saved to WordCountResults.txt

Program completed successfully!
Exit code: 0
