Processing file: ../tests/P3_TC5.txt

============================================================
WORD FREQUENCY REPORT
============================================================
Word                          Frequency      
------------------------------------------------------------
acquired                      1              
adjust                        1              
advantage                     1              
affairs                       1              
afterwards                    1              
agenda                        1              
aim                           1              
albums                        1              
allowed                       1              
americans                     1              
amsterdam                     1              
andy                          1              
anthropology                  1              
antique                       1              
anybody                       1              
anytime                       1              
anywhere                      1              
appearing                     1              
applied                       1              
ar                            2              
... and 3730 more
============================================================
Total words: 5000
Distinct words: 3750
Elapsed Time: 0.584013 seconds
============================================================

Results saved to WordCountResults.txt

Program completed successfully!
Exit code: 0
