Processing file: ../tests/P2_TC3.txt

======================================================================
NUMBER CONVERSION REPORT
======================================================================
Index   Decimal        Last 2    Binary         Hex       
----------------------------------------------------------------------
1       -39            39        100111         27        
2       -36            36        100100         24        
3       8              8         1000           8         
4       34             34        100010         22        
5       17             17        10001          11        
6       49             49        110001         31        
7       5              5         101            5         
8       39             39        100111         27        
9       0              0         0              0         
10      33             33        100001         21        
... and 190 more
======================================================================
Total numbers processed: 200
Elapsed Time: 0.000833 seconds
======================================================================

Results saved to ConvertionResults.txt

Program completed successfully!
Exit code: 0
