Processing file: ../tests/P2_TC4.txt
Warning: Invalid data at line 8: 'ABC' - Skipping
Warning: Invalid data at line 21: 'ERR' - Skipping
Warning: Invalid data at line 41: 'VAL' - Skipping

======================================================================
NUMBER CONVERSION REPORT
======================================================================
Index   Decimal        Last 2    Binary         Hex       
----------------------------------------------------------------------
1       -39            39        100111         27        
2       -36            36        100100         24        
3       8              8         1000           8         
4       34             34        100010         22        
5       17             17        10001          11        
6       49             49        110001         31        
7       5              5         101            5         
8       0              0         0              0         
9       33             33        100001         21        
10      12             12        1100           C         
... and 28 more
======================================================================
Total numbers processed: 38
Elapsed Time: 0.000492 seconds
======================================================================

Results saved to ConvertionResults.txt

Program completed successfully!
Exit code: 0
