Processing file: ../tests/P2_TC2.txt

======================================================================
NUMBER CONVERSION REPORT
======================================================================
Index   Decimal        Last 2    Binary         Hex       
----------------------------------------------------------------------
1       7116776        76        1001100        4C        
2       1666340        40        101000         28        
3       8886983        83        1010011        53        
4       839365         65        1000001        41        
5       924280         80        1010000        50        
6       1026310        10        1010           A         
7       1615293        93        1011101        5D        
8       1063875        75        1001011        4B        
9       679035         35        100011         23        
10      5201970        70        1000110        46        
... and 190 more
======================================================================
Total numbers processed: 200
Elapsed Time: 0.000764 seconds
======================================================================

Results saved to ConvertionResults.txt

Program completed successfully!
Exit code: 0
