Processing file: ../tests/P2_TC1.txt

======================================================================
NUMBER CONVERSION REPORT
======================================================================
Index   Decimal        Last 2    Binary         Hex       
----------------------------------------------------------------------
1       6980368        68        1000100        44        
2       5517055        55        110111         37        
3       1336159        59        111011         3B        
4       6750185        85        1010101        55        
5       1771937        37        100101         25        
6       360952         52        110100         34        
7       5672561        61        111101         3D        
8       916583         83        1010011        53        
9       2700138        38        100110         26        
10      9645053        53        110101         35        
... and 190 more
======================================================================
Total numbers processed: 200
Elapsed Time: 0.000656 seconds
======================================================================

Results saved to ConvertionResults.txt

Program completed successfully!
Exit code: 0
